2025-06-20 17:34:29,218 [Worker-2: Loading available Gradle versions] INFO  o.e.b.c.i.u.g.PublishedGradleVersions - Gradle version information cache is not available. Remote download required.
2025-06-20 17:35:27,762 [Worker-9: ビルド] INFO  o.e.m.c.i.l.LifecycleMappingFactory - Using org.eclipse.m2e.jdt.JarLifecycleMapping lifecycle mapping for MavenProject: com.example:samuraitravel:0.0.1-SNAPSHOT @ C:\Users\81803\Documents\SAMURAI\java Eclipse\kadai_003\kadai_003\samuraitravel\pom.xml.
2025-06-20 17:35:29,535 [Worker-9: ビルド] INFO  o.a.m.s.f.DefaultMavenResourcesFiltering - Copying 2 resources from src\main\resources to target\classes
2025-06-20 17:35:29,555 [Worker-9: ビルド] INFO  o.a.m.s.f.DefaultMavenResourcesFiltering - Copying 37 resources from src\main\resources to target\classes
2025-06-20 17:35:29,683 [Worker-9: ビルド] INFO  o.a.m.s.f.DefaultMavenResourcesFiltering - skip non existing resourceDirectory C:\Users\81803\Documents\SAMURAI\java Eclipse\kadai_003\kadai_003\samuraitravel\src\test\resources
2025-06-20 17:35:31,379 [Worker-8: ビルド] INFO  o.a.m.s.f.DefaultMavenResourcesFiltering - Copying 2 resources from src\main\resources to target\classes
2025-06-20 17:35:31,383 [Worker-8: ビルド] INFO  o.a.m.s.f.DefaultMavenResourcesFiltering - Copying 37 resources from src\main\resources to target\classes
2025-06-20 17:35:31,483 [Worker-8: ビルド] INFO  o.a.m.s.f.DefaultMavenResourcesFiltering - skip non existing resourceDirectory C:\Users\81803\Documents\SAMURAI\java Eclipse\kadai_003\kadai_003\samuraitravel\src\test\resources
2025-06-20 17:48:45,891 [Worker-7: Loading available Gradle versions] INFO  o.e.b.c.i.u.g.PublishedGradleVersions - Gradle version information cache is up-to-date. Trying to read.
2025-06-20 17:52:39,833 [Worker-14: ビルド] INFO  o.a.m.s.f.DefaultMavenResourcesFiltering - Copying 2 resources from src\main\resources to target\classes
2025-06-20 17:52:39,854 [Worker-14: ビルド] INFO  o.a.m.s.f.DefaultMavenResourcesFiltering - Copying 37 resources from src\main\resources to target\classes
2025-06-20 17:52:39,877 [Worker-14: ビルド] INFO  o.a.m.s.f.DefaultMavenResourcesFiltering - skip non existing resourceDirectory C:\Users\81803\Documents\SAMURAI\java Eclipse\kadai_003\kadai_003\samuraitravel\src\test\resources
2025-06-20 17:53:32,835 [Worker-9: ビルド] INFO  o.a.m.s.f.DefaultMavenResourcesFiltering - Copying 0 resource from src\main\resources to target\classes
2025-06-20 17:53:32,846 [Worker-9: ビルド] INFO  o.a.m.s.f.DefaultMavenResourcesFiltering - Copying 0 resource from src\main\resources to target\classes
2025-06-20 17:53:32,850 [Worker-9: ビルド] INFO  o.a.m.s.f.DefaultMavenResourcesFiltering - skip non existing resourceDirectory C:\Users\81803\Documents\SAMURAI\java Eclipse\kadai_003\kadai_003\samuraitravel\src\test\resources
2025-06-20 17:53:43,298 [Worker-6: ビルド] INFO  o.a.m.s.f.DefaultMavenResourcesFiltering - Copying 2 resources from src\main\resources to target\classes
2025-06-20 17:53:43,312 [Worker-6: ビルド] INFO  o.a.m.s.f.DefaultMavenResourcesFiltering - Copying 37 resources from src\main\resources to target\classes
2025-06-20 17:53:43,333 [Worker-6: ビルド] INFO  o.a.m.s.f.DefaultMavenResourcesFiltering - skip non existing resourceDirectory C:\Users\81803\Documents\SAMURAI\java Eclipse\kadai_003\kadai_003\samuraitravel\src\test\resources
2025-06-20 17:53:57,405 [Worker-16: ビルド] INFO  o.a.m.s.f.DefaultMavenResourcesFiltering - Copying 2 resources from src\main\resources to target\classes
2025-06-20 17:53:57,417 [Worker-16: ビルド] INFO  o.a.m.s.f.DefaultMavenResourcesFiltering - Copying 37 resources from src\main\resources to target\classes
2025-06-20 17:53:57,437 [Worker-16: ビルド] INFO  o.a.m.s.f.DefaultMavenResourcesFiltering - skip non existing resourceDirectory C:\Users\81803\Documents\SAMURAI\java Eclipse\kadai_003\kadai_003\samuraitravel\src\test\resources
2025-06-20 17:54:28,753 [Worker-12: ビルド] INFO  o.a.m.s.f.DefaultMavenResourcesFiltering - Copying 0 resource from src\main\resources to target\classes
2025-06-20 17:54:28,764 [Worker-12: ビルド] INFO  o.a.m.s.f.DefaultMavenResourcesFiltering - Copying 0 resource from src\main\resources to target\classes
2025-06-20 17:54:28,768 [Worker-12: ビルド] INFO  o.a.m.s.f.DefaultMavenResourcesFiltering - skip non existing resourceDirectory C:\Users\81803\Documents\SAMURAI\java Eclipse\kadai_003\kadai_003\samuraitravel\src\test\resources
2025-06-20 17:54:42,916 [Worker-16: ビルド] INFO  o.a.m.s.f.DefaultMavenResourcesFiltering - Copying 2 resources from src\main\resources to target\classes
2025-06-20 17:54:42,928 [Worker-16: ビルド] INFO  o.a.m.s.f.DefaultMavenResourcesFiltering - Copying 37 resources from src\main\resources to target\classes
2025-06-20 17:54:42,950 [Worker-16: ビルド] INFO  o.a.m.s.f.DefaultMavenResourcesFiltering - skip non existing resourceDirectory C:\Users\81803\Documents\SAMURAI\java Eclipse\kadai_003\kadai_003\samuraitravel\src\test\resources
2025-06-20 17:55:16,438 [Worker-14: ビルド] INFO  o.a.m.s.f.DefaultMavenResourcesFiltering - Copying 0 resource from src\main\resources to target\classes
2025-06-20 17:55:16,450 [Worker-14: ビルド] INFO  o.a.m.s.f.DefaultMavenResourcesFiltering - Copying 0 resource from src\main\resources to target\classes
2025-06-20 17:55:16,453 [Worker-14: ビルド] INFO  o.a.m.s.f.DefaultMavenResourcesFiltering - skip non existing resourceDirectory C:\Users\81803\Documents\SAMURAI\java Eclipse\kadai_003\kadai_003\samuraitravel\src\test\resources
2025-06-20 17:55:22,614 [Worker-12: ビルド] INFO  o.a.m.s.f.DefaultMavenResourcesFiltering - Copying 2 resources from src\main\resources to target\classes
2025-06-20 17:55:22,626 [Worker-12: ビルド] INFO  o.a.m.s.f.DefaultMavenResourcesFiltering - Copying 37 resources from src\main\resources to target\classes
2025-06-20 17:55:22,645 [Worker-12: ビルド] INFO  o.a.m.s.f.DefaultMavenResourcesFiltering - skip non existing resourceDirectory C:\Users\81803\Documents\SAMURAI\java Eclipse\kadai_003\kadai_003\samuraitravel\src\test\resources
2025-06-20 17:55:45,018 [Worker-16: ビルド] INFO  o.a.m.s.f.DefaultMavenResourcesFiltering - Copying 0 resource from src\main\resources to target\classes
2025-06-20 17:55:45,030 [Worker-16: ビルド] INFO  o.a.m.s.f.DefaultMavenResourcesFiltering - Copying 0 resource from src\main\resources to target\classes
2025-06-20 17:55:45,033 [Worker-16: ビルド] INFO  o.a.m.s.f.DefaultMavenResourcesFiltering - skip non existing resourceDirectory C:\Users\81803\Documents\SAMURAI\java Eclipse\kadai_003\kadai_003\samuraitravel\src\test\resources
2025-06-20 17:55:51,863 [Worker-14: ビルド] INFO  o.a.m.s.f.DefaultMavenResourcesFiltering - Copying 2 resources from src\main\resources to target\classes
2025-06-20 17:55:51,879 [Worker-14: ビルド] INFO  o.a.m.s.f.DefaultMavenResourcesFiltering - Copying 37 resources from src\main\resources to target\classes
2025-06-20 17:55:51,898 [Worker-14: ビルド] INFO  o.a.m.s.f.DefaultMavenResourcesFiltering - skip non existing resourceDirectory C:\Users\81803\Documents\SAMURAI\java Eclipse\kadai_003\kadai_003\samuraitravel\src\test\resources
2025-06-20 18:05:48,783 [Worker-9: ビルド] INFO  o.a.m.s.f.DefaultMavenResourcesFiltering - Copying 0 resource from src\main\resources to target\classes
2025-06-20 18:05:48,796 [Worker-9: ビルド] INFO  o.a.m.s.f.DefaultMavenResourcesFiltering - Copying 1 resource from src\main\resources to target\classes
2025-06-20 18:05:48,801 [Worker-9: ビルド] INFO  o.a.m.s.f.DefaultMavenResourcesFiltering - skip non existing resourceDirectory C:\Users\81803\Documents\SAMURAI\java Eclipse\kadai_003\kadai_003\samuraitravel\src\test\resources
2025-06-20 18:08:33,758 [Worker-14: ビルド] INFO  o.a.m.s.f.DefaultMavenResourcesFiltering - Copying 0 resource from src\main\resources to target\classes
2025-06-20 18:08:33,768 [Worker-14: ビルド] INFO  o.a.m.s.f.DefaultMavenResourcesFiltering - Copying 1 resource from src\main\resources to target\classes
2025-06-20 18:08:33,773 [Worker-14: ビルド] INFO  o.a.m.s.f.DefaultMavenResourcesFiltering - skip non existing resourceDirectory C:\Users\81803\Documents\SAMURAI\java Eclipse\kadai_003\kadai_003\samuraitravel\src\test\resources
2025-06-20 18:10:48,848 [Worker-6: ビルド] INFO  o.a.m.s.f.DefaultMavenResourcesFiltering - Copying 0 resource from src\main\resources to target\classes
2025-06-20 18:10:48,862 [Worker-6: ビルド] INFO  o.a.m.s.f.DefaultMavenResourcesFiltering - Copying 1 resource from src\main\resources to target\classes
2025-06-20 18:10:48,867 [Worker-6: ビルド] INFO  o.a.m.s.f.DefaultMavenResourcesFiltering - skip non existing resourceDirectory C:\Users\81803\Documents\SAMURAI\java Eclipse\kadai_003\kadai_003\samuraitravel\src\test\resources
2025-06-20 18:13:59,313 [Worker-12: ビルド] INFO  o.a.m.s.f.DefaultMavenResourcesFiltering - Copying 0 resource from src\main\resources to target\classes
2025-06-20 18:13:59,324 [Worker-12: ビルド] INFO  o.a.m.s.f.DefaultMavenResourcesFiltering - Copying 1 resource from src\main\resources to target\classes
2025-06-20 18:13:59,329 [Worker-12: ビルド] INFO  o.a.m.s.f.DefaultMavenResourcesFiltering - skip non existing resourceDirectory C:\Users\81803\Documents\SAMURAI\java Eclipse\kadai_003\kadai_003\samuraitravel\src\test\resources
2025-06-20 18:16:07,081 [Worker-18: ビルド] INFO  o.a.m.s.f.DefaultMavenResourcesFiltering - Copying 0 resource from src\main\resources to target\classes
2025-06-20 18:16:07,093 [Worker-18: ビルド] INFO  o.a.m.s.f.DefaultMavenResourcesFiltering - Copying 1 resource from src\main\resources to target\classes
2025-06-20 18:16:07,099 [Worker-18: ビルド] INFO  o.a.m.s.f.DefaultMavenResourcesFiltering - skip non existing resourceDirectory C:\Users\81803\Documents\SAMURAI\java Eclipse\kadai_003\kadai_003\samuraitravel\src\test\resources
2025-06-20 18:20:32,935 [Worker-12: ビルド] INFO  o.a.m.s.f.DefaultMavenResourcesFiltering - Copying 0 resource from src\main\resources to target\classes
2025-06-20 18:20:32,947 [Worker-12: ビルド] INFO  o.a.m.s.f.DefaultMavenResourcesFiltering - Copying 1 resource from src\main\resources to target\classes
2025-06-20 18:20:32,952 [Worker-12: ビルド] INFO  o.a.m.s.f.DefaultMavenResourcesFiltering - skip non existing resourceDirectory C:\Users\81803\Documents\SAMURAI\java Eclipse\kadai_003\kadai_003\samuraitravel\src\test\resources
2025-06-20 18:25:09,705 [Worker-6: ビルド] INFO  o.a.m.s.f.DefaultMavenResourcesFiltering - Copying 2 resources from src\main\resources to target\classes
2025-06-20 18:25:09,724 [Worker-6: ビルド] INFO  o.a.m.s.f.DefaultMavenResourcesFiltering - Copying 38 resources from src\main\resources to target\classes
2025-06-20 18:25:09,754 [Worker-6: ビルド] INFO  o.a.m.s.f.DefaultMavenResourcesFiltering - skip non existing resourceDirectory C:\Users\81803\Documents\SAMURAI\java Eclipse\kadai_003\kadai_003\samuraitravel\src\test\resources
2025-06-20 18:28:41,192 [Worker-20: ビルド] INFO  o.a.m.s.f.DefaultMavenResourcesFiltering - Copying 2 resources from src\main\resources to target\classes
2025-06-20 18:28:41,212 [Worker-20: ビルド] INFO  o.a.m.s.f.DefaultMavenResourcesFiltering - Copying 38 resources from src\main\resources to target\classes
2025-06-20 18:28:41,236 [Worker-20: ビルド] INFO  o.a.m.s.f.DefaultMavenResourcesFiltering - skip non existing resourceDirectory C:\Users\81803\Documents\SAMURAI\java Eclipse\kadai_003\kadai_003\samuraitravel\src\test\resources
2025-06-20 18:32:29,164 [Worker-6: ビルド] INFO  o.a.m.s.f.DefaultMavenResourcesFiltering - Copying 2 resources from src\main\resources to target\classes
2025-06-20 18:32:29,180 [Worker-6: ビルド] INFO  o.a.m.s.f.DefaultMavenResourcesFiltering - Copying 38 resources from src\main\resources to target\classes
2025-06-20 18:32:29,198 [Worker-6: ビルド] INFO  o.a.m.s.f.DefaultMavenResourcesFiltering - skip non existing resourceDirectory C:\Users\81803\Documents\SAMURAI\java Eclipse\kadai_003\kadai_003\samuraitravel\src\test\resources
2025-06-20 18:32:31,852 [Worker-21: ビルド] INFO  o.a.m.s.f.DefaultMavenResourcesFiltering - Copying 2 resources from src\main\resources to target\classes
2025-06-20 18:32:31,869 [Worker-21: ビルド] INFO  o.a.m.s.f.DefaultMavenResourcesFiltering - Copying 38 resources from src\main\resources to target\classes
2025-06-20 18:32:31,894 [Worker-21: ビルド] INFO  o.a.m.s.f.DefaultMavenResourcesFiltering - skip non existing resourceDirectory C:\Users\81803\Documents\SAMURAI\java Eclipse\kadai_003\kadai_003\samuraitravel\src\test\resources
2025-06-28 00:09:28,941 [Worker-4: Loading available Gradle versions] INFO  o.e.b.c.i.u.g.PublishedGradleVersions - Gradle version information cache is out-of-date. Trying to update.
2025-06-28 19:01:18,937 [Worker-2: Loading available Gradle versions] INFO  o.e.b.c.i.u.g.PublishedGradleVersions - Gradle version information cache is up-to-date. Trying to read.
2025-06-28 19:02:44,036 [Worker-9: samuraitravel - SamuraitravelApplication の起動] INFO  o.a.m.s.f.DefaultMavenResourcesFiltering - Copying 2 resources from src\main\resources to target\classes
2025-06-28 19:02:44,077 [Worker-9: samuraitravel - SamuraitravelApplication の起動] INFO  o.a.m.s.f.DefaultMavenResourcesFiltering - Copying 38 resources from src\main\resources to target\classes
2025-06-28 19:02:44,247 [Worker-9: samuraitravel - SamuraitravelApplication の起動] INFO  o.a.m.s.f.DefaultMavenResourcesFiltering - skip non existing resourceDirectory C:\Users\81803\Documents\SAMURAI\java Eclipse\kadai_003\kadai_003\samuraitravel\src\test\resources
2025-06-28 19:05:01,476 [Worker-4: Loading available Gradle versions] INFO  o.e.b.c.i.u.g.PublishedGradleVersions - Gradle version information cache is up-to-date. Trying to read.
2025-06-28 19:05:37,235 [Worker-6: ビルド] INFO  o.a.m.s.f.DefaultMavenResourcesFiltering - Copying 2 resources from src\main\resources to target\classes
2025-06-28 19:05:37,266 [Worker-6: ビルド] INFO  o.a.m.s.f.DefaultMavenResourcesFiltering - Copying 38 resources from src\main\resources to target\classes
2025-06-28 19:05:37,292 [Worker-6: ビルド] INFO  o.a.m.s.f.DefaultMavenResourcesFiltering - skip non existing resourceDirectory C:\Users\81803\Documents\SAMURAI\java Eclipse\kadai_003\kadai_003\samuraitravel\src\test\resources
2025-06-28 19:06:04,261 [Worker-10: ビルド] INFO  o.a.m.s.f.DefaultMavenResourcesFiltering - Copying 0 resource from src\main\resources to target\classes
2025-06-28 19:06:04,308 [Worker-10: ビルド] INFO  o.a.m.s.f.DefaultMavenResourcesFiltering - Copying 0 resource from src\main\resources to target\classes
2025-06-28 19:06:04,320 [Worker-10: ビルド] INFO  o.a.m.s.f.DefaultMavenResourcesFiltering - skip non existing resourceDirectory C:\Users\81803\Documents\SAMURAI\java Eclipse\kadai_003\kadai_003\samuraitravel\src\test\resources
2025-06-28 19:06:12,861 [Worker-11: ビルド] INFO  o.a.m.s.f.DefaultMavenResourcesFiltering - Copying 0 resource from src\main\resources to target\classes
2025-06-28 19:06:12,879 [Worker-11: ビルド] INFO  o.a.m.s.f.DefaultMavenResourcesFiltering - Copying 0 resource from src\main\resources to target\classes
2025-06-28 19:06:12,883 [Worker-11: ビルド] INFO  o.a.m.s.f.DefaultMavenResourcesFiltering - skip non existing resourceDirectory C:\Users\81803\Documents\SAMURAI\java Eclipse\kadai_003\kadai_003\samuraitravel\src\test\resources
2025-06-28 19:07:16,455 [Worker-2: ビルド] INFO  o.a.m.s.f.DefaultMavenResourcesFiltering - Copying 1 resource from src\main\resources to target\classes
2025-06-28 19:07:16,476 [Worker-2: ビルド] INFO  o.a.m.s.f.DefaultMavenResourcesFiltering - Copying 0 resource from src\main\resources to target\classes
2025-06-28 19:07:16,480 [Worker-2: ビルド] INFO  o.a.m.s.f.DefaultMavenResourcesFiltering - skip non existing resourceDirectory C:\Users\81803\Documents\SAMURAI\java Eclipse\kadai_003\kadai_003\samuraitravel\src\test\resources
2025-07-05 16:05:38,149 [Worker-3: Loading available Gradle versions] INFO  o.e.b.c.i.u.g.PublishedGradleVersions - Gradle version information cache is out-of-date. Trying to update.
2025-07-05 16:06:16,217 [Worker-6: ビルド] INFO  o.a.m.s.f.DefaultMavenResourcesFiltering - Copying 2 resources from src\main\resources to target\classes
2025-07-05 16:06:16,262 [Worker-6: ビルド] INFO  o.a.m.s.f.DefaultMavenResourcesFiltering - Copying 38 resources from src\main\resources to target\classes
2025-07-05 16:06:16,292 [Worker-6: ビルド] INFO  o.a.m.s.f.DefaultMavenResourcesFiltering - skip non existing resourceDirectory C:\Users\81803\Documents\SAMURAI\java Eclipse\kadai_003\kadai_003\samuraitravel\src\test\resources
2025-07-05 16:21:17,082 [Worker-3: ビルド] INFO  o.a.m.s.f.DefaultMavenResourcesFiltering - Copying 0 resource from src\main\resources to target\classes
2025-07-05 16:21:17,094 [Worker-3: ビルド] INFO  o.a.m.s.f.DefaultMavenResourcesFiltering - Copying 1 resource from src\main\resources to target\classes
2025-07-05 16:21:17,100 [Worker-3: ビルド] INFO  o.a.m.s.f.DefaultMavenResourcesFiltering - skip non existing resourceDirectory C:\Users\81803\Documents\SAMURAI\java Eclipse\kadai_003\kadai_003\samuraitravel\src\test\resources
2025-07-05 18:37:22,888 [Worker-4: Loading available Gradle versions] INFO  o.e.b.c.i.u.g.PublishedGradleVersions - Gradle version information cache is up-to-date. Trying to read.
2025-07-07 13:20:16,872 [Worker-7: Loading available Gradle versions] INFO  o.e.b.c.i.u.g.PublishedGradleVersions - Gradle version information cache is out-of-date. Trying to update.
2025-07-07 13:29:43,659 [Worker-15: ビルド] INFO  o.a.m.s.f.DefaultMavenResourcesFiltering - Copying 2 resources from src\main\resources to target\classes
2025-07-07 13:29:43,699 [Worker-15: ビルド] INFO  o.a.m.s.f.DefaultMavenResourcesFiltering - Copying 38 resources from src\main\resources to target\classes
2025-07-07 13:29:43,727 [Worker-15: ビルド] INFO  o.a.m.s.f.DefaultMavenResourcesFiltering - skip non existing resourceDirectory C:\Users\81803\Documents\SAMURAI\java Eclipse\kadai_003\kadai_003\samuraitravel\src\test\resources
2025-07-07 13:36:01,349 [Worker-6: ビルド] INFO  o.a.m.s.f.DefaultMavenResourcesFiltering - Copying 0 resource from src\main\resources to target\classes
2025-07-07 13:36:01,362 [Worker-6: ビルド] INFO  o.a.m.s.f.DefaultMavenResourcesFiltering - Copying 1 resource from src\main\resources to target\classes
2025-07-07 13:36:01,369 [Worker-6: ビルド] INFO  o.a.m.s.f.DefaultMavenResourcesFiltering - skip non existing resourceDirectory C:\Users\81803\Documents\SAMURAI\java Eclipse\kadai_003\kadai_003\samuraitravel\src\test\resources
2025-07-07 13:36:28,465 [Worker-11: ビルド] INFO  o.a.m.s.f.DefaultMavenResourcesFiltering - Copying 0 resource from src\main\resources to target\classes
2025-07-07 13:36:28,476 [Worker-11: ビルド] INFO  o.a.m.s.f.DefaultMavenResourcesFiltering - Copying 1 resource from src\main\resources to target\classes
2025-07-07 13:36:28,481 [Worker-11: ビルド] INFO  o.a.m.s.f.DefaultMavenResourcesFiltering - skip non existing resourceDirectory C:\Users\81803\Documents\SAMURAI\java Eclipse\kadai_003\kadai_003\samuraitravel\src\test\resources
2025-07-07 14:21:43,125 [Worker-7: Loading available Gradle versions] INFO  o.e.b.c.i.u.g.PublishedGradleVersions - Gradle version information cache is up-to-date. Trying to read.
2025-07-07 14:26:00,515 [Worker-1: ビルド] INFO  o.a.m.s.f.DefaultMavenResourcesFiltering - Copying 2 resources from src\main\resources to target\classes
2025-07-07 14:26:00,533 [Worker-1: ビルド] INFO  o.a.m.s.f.DefaultMavenResourcesFiltering - Copying 38 resources from src\main\resources to target\classes
2025-07-07 14:26:00,555 [Worker-1: ビルド] INFO  o.a.m.s.f.DefaultMavenResourcesFiltering - skip non existing resourceDirectory C:\Users\81803\Documents\SAMURAI\java Eclipse\kadai_003\kadai_003\samuraitravel\src\test\resources
2025-07-07 14:30:32,555 [Worker-10: ビルド] INFO  o.a.m.s.f.DefaultMavenResourcesFiltering - Copying 2 resources from src\main\resources to target\classes
2025-07-07 14:30:32,571 [Worker-10: ビルド] INFO  o.a.m.s.f.DefaultMavenResourcesFiltering - Copying 38 resources from src\main\resources to target\classes
2025-07-07 14:30:32,589 [Worker-10: ビルド] INFO  o.a.m.s.f.DefaultMavenResourcesFiltering - skip non existing resourceDirectory C:\Users\81803\Documents\SAMURAI\java Eclipse\kadai_003\kadai_003\samuraitravel\src\test\resources
2025-07-07 14:40:34,380 [Worker-11: ビルド] INFO  o.a.m.s.f.DefaultMavenResourcesFiltering - Copying 2 resources from src\main\resources to target\classes
2025-07-07 14:40:34,402 [Worker-11: ビルド] INFO  o.a.m.s.f.DefaultMavenResourcesFiltering - Copying 38 resources from src\main\resources to target\classes
2025-07-07 14:40:34,428 [Worker-11: ビルド] INFO  o.a.m.s.f.DefaultMavenResourcesFiltering - skip non existing resourceDirectory C:\Users\81803\Documents\SAMURAI\java Eclipse\kadai_003\kadai_003\samuraitravel\src\test\resources
2025-07-07 14:55:12,786 [Worker-1: ビルド] INFO  o.a.m.s.f.DefaultMavenResourcesFiltering - Copying 0 resource from src\main\resources to target\classes
2025-07-07 14:55:12,799 [Worker-1: ビルド] INFO  o.a.m.s.f.DefaultMavenResourcesFiltering - Copying 1 resource from src\main\resources to target\classes
2025-07-07 14:55:12,804 [Worker-1: ビルド] INFO  o.a.m.s.f.DefaultMavenResourcesFiltering - skip non existing resourceDirectory C:\Users\81803\Documents\SAMURAI\java Eclipse\kadai_003\kadai_003\samuraitravel\src\test\resources
2025-07-07 14:55:59,526 [Worker-16: ビルド] INFO  o.a.m.s.f.DefaultMavenResourcesFiltering - Copying 0 resource from src\main\resources to target\classes
2025-07-07 14:55:59,537 [Worker-16: ビルド] INFO  o.a.m.s.f.DefaultMavenResourcesFiltering - Copying 1 resource from src\main\resources to target\classes
2025-07-07 14:55:59,542 [Worker-16: ビルド] INFO  o.a.m.s.f.DefaultMavenResourcesFiltering - skip non existing resourceDirectory C:\Users\81803\Documents\SAMURAI\java Eclipse\kadai_003\kadai_003\samuraitravel\src\test\resources
2025-07-07 14:59:44,503 [Worker-4: ビルド] INFO  o.a.m.s.f.DefaultMavenResourcesFiltering - Copying 0 resource from src\main\resources to target\classes
2025-07-07 14:59:44,514 [Worker-4: ビルド] INFO  o.a.m.s.f.DefaultMavenResourcesFiltering - Copying 1 resource from src\main\resources to target\classes
2025-07-07 14:59:44,519 [Worker-4: ビルド] INFO  o.a.m.s.f.DefaultMavenResourcesFiltering - skip non existing resourceDirectory C:\Users\81803\Documents\SAMURAI\java Eclipse\kadai_003\kadai_003\samuraitravel\src\test\resources
2025-07-07 15:04:26,195 [Worker-16: ビルド] INFO  o.a.m.s.f.DefaultMavenResourcesFiltering - Copying 0 resource from src\main\resources to target\classes
2025-07-07 15:04:26,206 [Worker-16: ビルド] INFO  o.a.m.s.f.DefaultMavenResourcesFiltering - Copying 1 resource from src\main\resources to target\classes
2025-07-07 15:04:26,212 [Worker-16: ビルド] INFO  o.a.m.s.f.DefaultMavenResourcesFiltering - skip non existing resourceDirectory C:\Users\81803\Documents\SAMURAI\java Eclipse\kadai_003\kadai_003\samuraitravel\src\test\resources
2025-07-07 15:20:02,145 [Worker-19: ビルド] INFO  o.a.m.s.f.DefaultMavenResourcesFiltering - Copying 0 resource from src\main\resources to target\classes
2025-07-07 15:20:02,156 [Worker-19: ビルド] INFO  o.a.m.s.f.DefaultMavenResourcesFiltering - Copying 1 resource from src\main\resources to target\classes
2025-07-07 15:20:02,162 [Worker-19: ビルド] INFO  o.a.m.s.f.DefaultMavenResourcesFiltering - skip non existing resourceDirectory C:\Users\81803\Documents\SAMURAI\java Eclipse\kadai_003\kadai_003\samuraitravel\src\test\resources
2025-07-07 15:20:59,435 [Worker-4: ビルド] INFO  o.a.m.s.f.DefaultMavenResourcesFiltering - Copying 0 resource from src\main\resources to target\classes
2025-07-07 15:20:59,446 [Worker-4: ビルド] INFO  o.a.m.s.f.DefaultMavenResourcesFiltering - Copying 1 resource from src\main\resources to target\classes
2025-07-07 15:20:59,450 [Worker-4: ビルド] INFO  o.a.m.s.f.DefaultMavenResourcesFiltering - skip non existing resourceDirectory C:\Users\81803\Documents\SAMURAI\java Eclipse\kadai_003\kadai_003\samuraitravel\src\test\resources
2025-07-07 15:27:35,721 [Worker-16: ビルド] INFO  o.a.m.s.f.DefaultMavenResourcesFiltering - Copying 2 resources from src\main\resources to target\classes
2025-07-07 15:27:35,740 [Worker-16: ビルド] INFO  o.a.m.s.f.DefaultMavenResourcesFiltering - Copying 38 resources from src\main\resources to target\classes
2025-07-07 15:27:35,764 [Worker-16: ビルド] INFO  o.a.m.s.f.DefaultMavenResourcesFiltering - skip non existing resourceDirectory C:\Users\81803\Documents\SAMURAI\java Eclipse\kadai_003\kadai_003\samuraitravel\src\test\resources
2025-07-07 15:29:31,114 [Worker-2: ビルド] INFO  o.a.m.s.f.DefaultMavenResourcesFiltering - Copying 2 resources from src\main\resources to target\classes
2025-07-07 15:29:31,127 [Worker-2: ビルド] INFO  o.a.m.s.f.DefaultMavenResourcesFiltering - Copying 38 resources from src\main\resources to target\classes
2025-07-07 15:29:31,146 [Worker-2: ビルド] INFO  o.a.m.s.f.DefaultMavenResourcesFiltering - skip non existing resourceDirectory C:\Users\81803\Documents\SAMURAI\java Eclipse\kadai_003\kadai_003\samuraitravel\src\test\resources
2025-07-07 15:30:23,040 [Worker-16: ビルド] INFO  o.a.m.s.f.DefaultMavenResourcesFiltering - Copying 2 resources from src\main\resources to target\classes
2025-07-07 15:30:23,056 [Worker-16: ビルド] INFO  o.a.m.s.f.DefaultMavenResourcesFiltering - Copying 38 resources from src\main\resources to target\classes
2025-07-07 15:30:23,075 [Worker-16: ビルド] INFO  o.a.m.s.f.DefaultMavenResourcesFiltering - skip non existing resourceDirectory C:\Users\81803\Documents\SAMURAI\java Eclipse\kadai_003\kadai_003\samuraitravel\src\test\resources
2025-07-07 15:33:17,374 [Worker-17: ビルド] INFO  o.a.m.s.f.DefaultMavenResourcesFiltering - Copying 2 resources from src\main\resources to target\classes
2025-07-07 15:33:17,390 [Worker-17: ビルド] INFO  o.a.m.s.f.DefaultMavenResourcesFiltering - Copying 38 resources from src\main\resources to target\classes
2025-07-07 15:33:17,409 [Worker-17: ビルド] INFO  o.a.m.s.f.DefaultMavenResourcesFiltering - skip non existing resourceDirectory C:\Users\81803\Documents\SAMURAI\java Eclipse\kadai_003\kadai_003\samuraitravel\src\test\resources
2025-07-07 15:33:19,526 [Worker-16: ビルド] INFO  o.a.m.s.f.DefaultMavenResourcesFiltering - Copying 2 resources from src\main\resources to target\classes
2025-07-07 15:33:19,540 [Worker-16: ビルド] INFO  o.a.m.s.f.DefaultMavenResourcesFiltering - Copying 38 resources from src\main\resources to target\classes
2025-07-07 15:33:19,558 [Worker-16: ビルド] INFO  o.a.m.s.f.DefaultMavenResourcesFiltering - skip non existing resourceDirectory C:\Users\81803\Documents\SAMURAI\java Eclipse\kadai_003\kadai_003\samuraitravel\src\test\resources
2025-07-07 15:33:37,974 [Worker-16: ビルド] INFO  o.a.m.s.f.DefaultMavenResourcesFiltering - Copying 2 resources from src\main\resources to target\classes
2025-07-07 15:33:37,990 [Worker-16: ビルド] INFO  o.a.m.s.f.DefaultMavenResourcesFiltering - Copying 38 resources from src\main\resources to target\classes
2025-07-07 15:33:38,009 [Worker-16: ビルド] INFO  o.a.m.s.f.DefaultMavenResourcesFiltering - skip non existing resourceDirectory C:\Users\81803\Documents\SAMURAI\java Eclipse\kadai_003\kadai_003\samuraitravel\src\test\resources
2025-07-07 16:07:19,032 [Worker-21: ビルド] INFO  o.a.m.s.f.DefaultMavenResourcesFiltering - Copying 2 resources from src\main\resources to target\classes
2025-07-07 16:07:19,053 [Worker-21: ビルド] INFO  o.a.m.s.f.DefaultMavenResourcesFiltering - Copying 38 resources from src\main\resources to target\classes
2025-07-07 16:07:19,076 [Worker-21: ビルド] INFO  o.a.m.s.f.DefaultMavenResourcesFiltering - skip non existing resourceDirectory C:\Users\81803\Documents\SAMURAI\java Eclipse\kadai_003\kadai_003\samuraitravel\src\test\resources
2025-07-07 16:09:21,189 [Worker-30: ビルド] INFO  o.a.m.s.f.DefaultMavenResourcesFiltering - Copying 2 resources from src\main\resources to target\classes
2025-07-07 16:09:21,205 [Worker-30: ビルド] INFO  o.a.m.s.f.DefaultMavenResourcesFiltering - Copying 38 resources from src\main\resources to target\classes
2025-07-07 16:09:21,226 [Worker-30: ビルド] INFO  o.a.m.s.f.DefaultMavenResourcesFiltering - skip non existing resourceDirectory C:\Users\81803\Documents\SAMURAI\java Eclipse\kadai_003\kadai_003\samuraitravel\src\test\resources
2025-07-07 16:12:05,880 [Worker-29: ビルド] INFO  o.a.m.s.f.DefaultMavenResourcesFiltering - Copying 2 resources from src\main\resources to target\classes
2025-07-07 16:12:05,896 [Worker-29: ビルド] INFO  o.a.m.s.f.DefaultMavenResourcesFiltering - Copying 38 resources from src\main\resources to target\classes
2025-07-07 16:12:05,918 [Worker-29: ビルド] INFO  o.a.m.s.f.DefaultMavenResourcesFiltering - skip non existing resourceDirectory C:\Users\81803\Documents\SAMURAI\java Eclipse\kadai_003\kadai_003\samuraitravel\src\test\resources
2025-07-07 16:35:16,058 [Worker-2: Maven プロジェクトの更新中] INFO  o.e.m.c.i.p.ProjectConfigurationManager - Update started
2025-07-07 16:35:18,116 [Worker-2: Maven プロジェクトの更新中] INFO  o.e.m.c.i.l.LifecycleMappingFactory - Using org.eclipse.m2e.jdt.JarLifecycleMapping lifecycle mapping for MavenProject: com.example:samuraitravel:0.0.1-SNAPSHOT @ C:\Users\81803\Documents\SAMURAI\java Eclipse\kadai_003\kadai_003\samuraitravel\pom.xml.
2025-07-07 16:35:19,158 [Worker-2: Maven プロジェクトの更新中] INFO  o.e.m.j.i.AbstractJavaProjectConfigurator - Adding source folder /samuraitravel/src/main/java
2025-07-07 16:35:19,163 [Worker-2: Maven プロジェクトの更新中] INFO  o.e.m.j.i.AbstractJavaProjectConfigurator - Adding resource folder /samuraitravel/src/main/resources
2025-07-07 16:35:19,164 [Worker-2: Maven プロジェクトの更新中] INFO  o.e.m.j.i.AbstractJavaProjectConfigurator - Adding resource folder /samuraitravel/src/main/resources
2025-07-07 16:35:19,165 [Worker-2: Maven プロジェクトの更新中] INFO  o.e.m.j.i.AbstractJavaProjectConfigurator - Adding source folder /samuraitravel/src/test/java
2025-07-07 16:35:19,166 [Worker-2: Maven プロジェクトの更新中] INFO  o.e.m.j.i.AbstractJavaProjectConfigurator - Adding resource folder /samuraitravel/src/test/resources
2025-07-07 16:35:19,556 [Worker-2: Maven プロジェクトの更新中] INFO  o.e.m.c.i.p.ProjectConfigurationManager - Update completed for 1 poms: local refresh takes 0.00 sec, refresh facades takes 2.00 sec, update config takes 0.00 sec 
2025-07-07 16:35:20,645 [Worker-16: ビルド] INFO  o.a.m.s.f.DefaultMavenResourcesFiltering - Copying 2 resources from src\main\resources to target\classes
2025-07-07 16:35:20,665 [Worker-16: ビルド] INFO  o.a.m.s.f.DefaultMavenResourcesFiltering - Copying 38 resources from src\main\resources to target\classes
2025-07-07 16:35:20,788 [Worker-16: ビルド] INFO  o.a.m.s.f.DefaultMavenResourcesFiltering - skip non existing resourceDirectory C:\Users\81803\Documents\SAMURAI\java Eclipse\kadai_003\kadai_003\samuraitravel\src\test\resources
2025-07-07 16:42:04,141 [Worker-27: ビルド] INFO  o.a.m.s.f.DefaultMavenResourcesFiltering - Copying 0 resource from src\main\resources to target\classes
2025-07-07 16:42:04,155 [Worker-27: ビルド] INFO  o.a.m.s.f.DefaultMavenResourcesFiltering - Copying 1 resource from src\main\resources to target\classes
2025-07-07 16:42:04,163 [Worker-27: ビルド] INFO  o.a.m.s.f.DefaultMavenResourcesFiltering - skip non existing resourceDirectory C:\Users\81803\Documents\SAMURAI\java Eclipse\kadai_003\kadai_003\samuraitravel\src\test\resources
2025-07-07 16:52:54,607 [Worker-29: ビルド] INFO  o.a.m.s.f.DefaultMavenResourcesFiltering - Copying 0 resource from src\main\resources to target\classes
2025-07-07 16:52:54,619 [Worker-29: ビルド] INFO  o.a.m.s.f.DefaultMavenResourcesFiltering - Copying 1 resource from src\main\resources to target\classes
2025-07-07 16:52:54,624 [Worker-29: ビルド] INFO  o.a.m.s.f.DefaultMavenResourcesFiltering - skip non existing resourceDirectory C:\Users\81803\Documents\SAMURAI\java Eclipse\kadai_003\kadai_003\samuraitravel\src\test\resources
2025-07-07 16:53:56,700 [Worker-2: ビルド] INFO  o.a.m.s.f.DefaultMavenResourcesFiltering - Copying 0 resource from src\main\resources to target\classes
2025-07-07 16:53:56,711 [Worker-2: ビルド] INFO  o.a.m.s.f.DefaultMavenResourcesFiltering - Copying 1 resource from src\main\resources to target\classes
2025-07-07 16:53:56,716 [Worker-2: ビルド] INFO  o.a.m.s.f.DefaultMavenResourcesFiltering - skip non existing resourceDirectory C:\Users\81803\Documents\SAMURAI\java Eclipse\kadai_003\kadai_003\samuraitravel\src\test\resources
2025-07-07 17:01:37,797 [Worker-29: ビルド] INFO  o.a.m.s.f.DefaultMavenResourcesFiltering - Copying 0 resource from src\main\resources to target\classes
2025-07-07 17:01:37,810 [Worker-29: ビルド] INFO  o.a.m.s.f.DefaultMavenResourcesFiltering - Copying 1 resource from src\main\resources to target\classes
2025-07-07 17:01:37,817 [Worker-29: ビルド] INFO  o.a.m.s.f.DefaultMavenResourcesFiltering - skip non existing resourceDirectory C:\Users\81803\Documents\SAMURAI\java Eclipse\kadai_003\kadai_003\samuraitravel\src\test\resources
2025-07-07 17:22:57,567 [Worker-27: ビルド] INFO  o.a.m.s.f.DefaultMavenResourcesFiltering - Copying 0 resource from src\main\resources to target\classes
2025-07-07 17:22:57,578 [Worker-27: ビルド] INFO  o.a.m.s.f.DefaultMavenResourcesFiltering - Copying 1 resource from src\main\resources to target\classes
2025-07-07 17:22:57,583 [Worker-27: ビルド] INFO  o.a.m.s.f.DefaultMavenResourcesFiltering - skip non existing resourceDirectory C:\Users\81803\Documents\SAMURAI\java Eclipse\kadai_003\kadai_003\samuraitravel\src\test\resources
2025-07-07 17:25:09,433 [Worker-16: ビルド] INFO  o.a.m.s.f.DefaultMavenResourcesFiltering - Copying 0 resource from src\main\resources to target\classes
2025-07-07 17:25:09,444 [Worker-16: ビルド] INFO  o.a.m.s.f.DefaultMavenResourcesFiltering - Copying 1 resource from src\main\resources to target\classes
2025-07-07 17:25:09,450 [Worker-16: ビルド] INFO  o.a.m.s.f.DefaultMavenResourcesFiltering - skip non existing resourceDirectory C:\Users\81803\Documents\SAMURAI\java Eclipse\kadai_003\kadai_003\samuraitravel\src\test\resources
2025-07-07 17:26:36,004 [Worker-23: ビルド] INFO  o.a.m.s.f.DefaultMavenResourcesFiltering - Copying 0 resource from src\main\resources to target\classes
2025-07-07 17:26:36,016 [Worker-23: ビルド] INFO  o.a.m.s.f.DefaultMavenResourcesFiltering - Copying 1 resource from src\main\resources to target\classes
2025-07-07 17:26:36,022 [Worker-23: ビルド] INFO  o.a.m.s.f.DefaultMavenResourcesFiltering - skip non existing resourceDirectory C:\Users\81803\Documents\SAMURAI\java Eclipse\kadai_003\kadai_003\samuraitravel\src\test\resources
2025-07-07 17:29:45,633 [Worker-28: ビルド] INFO  o.a.m.s.f.DefaultMavenResourcesFiltering - Copying 0 resource from src\main\resources to target\classes
2025-07-07 17:29:45,645 [Worker-28: ビルド] INFO  o.a.m.s.f.DefaultMavenResourcesFiltering - Copying 1 resource from src\main\resources to target\classes
2025-07-07 17:29:45,651 [Worker-28: ビルド] INFO  o.a.m.s.f.DefaultMavenResourcesFiltering - skip non existing resourceDirectory C:\Users\81803\Documents\SAMURAI\java Eclipse\kadai_003\kadai_003\samuraitravel\src\test\resources
2025-07-07 17:31:19,838 [Worker-2: ビルド] INFO  o.a.m.s.f.DefaultMavenResourcesFiltering - Copying 0 resource from src\main\resources to target\classes
2025-07-07 17:31:19,852 [Worker-2: ビルド] INFO  o.a.m.s.f.DefaultMavenResourcesFiltering - Copying 1 resource from src\main\resources to target\classes
2025-07-07 17:31:19,859 [Worker-2: ビルド] INFO  o.a.m.s.f.DefaultMavenResourcesFiltering - skip non existing resourceDirectory C:\Users\81803\Documents\SAMURAI\java Eclipse\kadai_003\kadai_003\samuraitravel\src\test\resources
2025-07-07 17:34:55,192 [Worker-23: ビルド] INFO  o.a.m.s.f.DefaultMavenResourcesFiltering - Copying 0 resource from src\main\resources to target\classes
2025-07-07 17:34:55,203 [Worker-23: ビルド] INFO  o.a.m.s.f.DefaultMavenResourcesFiltering - Copying 1 resource from src\main\resources to target\classes
2025-07-07 17:34:55,209 [Worker-23: ビルド] INFO  o.a.m.s.f.DefaultMavenResourcesFiltering - skip non existing resourceDirectory C:\Users\81803\Documents\SAMURAI\java Eclipse\kadai_003\kadai_003\samuraitravel\src\test\resources
2025-07-07 17:37:01,466 [Worker-24: ビルド] INFO  o.a.m.s.f.DefaultMavenResourcesFiltering - Copying 2 resources from src\main\resources to target\classes
2025-07-07 17:37:01,488 [Worker-24: ビルド] INFO  o.a.m.s.f.DefaultMavenResourcesFiltering - Copying 38 resources from src\main\resources to target\classes
2025-07-07 17:37:01,510 [Worker-24: ビルド] INFO  o.a.m.s.f.DefaultMavenResourcesFiltering - skip non existing resourceDirectory C:\Users\81803\Documents\SAMURAI\java Eclipse\kadai_003\kadai_003\samuraitravel\src\test\resources
2025-07-07 17:42:50,070 [Worker-32: ビルド] INFO  o.a.m.s.f.DefaultMavenResourcesFiltering - Copying 0 resource from src\main\resources to target\classes
2025-07-07 17:42:50,081 [Worker-32: ビルド] INFO  o.a.m.s.f.DefaultMavenResourcesFiltering - Copying 1 resource from src\main\resources to target\classes
2025-07-07 17:42:50,086 [Worker-32: ビルド] INFO  o.a.m.s.f.DefaultMavenResourcesFiltering - skip non existing resourceDirectory C:\Users\81803\Documents\SAMURAI\java Eclipse\kadai_003\kadai_003\samuraitravel\src\test\resources
2025-07-07 17:47:23,772 [Worker-33: ビルド] INFO  o.a.m.s.f.DefaultMavenResourcesFiltering - Copying 0 resource from src\main\resources to target\classes
2025-07-07 17:47:23,789 [Worker-33: ビルド] INFO  o.a.m.s.f.DefaultMavenResourcesFiltering - Copying 1 resource from src\main\resources to target\classes
2025-07-07 17:47:23,796 [Worker-33: ビルド] INFO  o.a.m.s.f.DefaultMavenResourcesFiltering - skip non existing resourceDirectory C:\Users\81803\Documents\SAMURAI\java Eclipse\kadai_003\kadai_003\samuraitravel\src\test\resources
2025-07-07 17:50:21,555 [Worker-25: ビルド] INFO  o.a.m.s.f.DefaultMavenResourcesFiltering - Copying 0 resource from src\main\resources to target\classes
2025-07-07 17:50:21,567 [Worker-25: ビルド] INFO  o.a.m.s.f.DefaultMavenResourcesFiltering - Copying 1 resource from src\main\resources to target\classes
2025-07-07 17:50:21,571 [Worker-25: ビルド] INFO  o.a.m.s.f.DefaultMavenResourcesFiltering - skip non existing resourceDirectory C:\Users\81803\Documents\SAMURAI\java Eclipse\kadai_003\kadai_003\samuraitravel\src\test\resources
2025-07-07 17:53:23,277 [Worker-24: ビルド] INFO  o.a.m.s.f.DefaultMavenResourcesFiltering - Copying 2 resources from src\main\resources to target\classes
2025-07-07 17:53:23,294 [Worker-24: ビルド] INFO  o.a.m.s.f.DefaultMavenResourcesFiltering - Copying 38 resources from src\main\resources to target\classes
2025-07-07 17:53:23,315 [Worker-24: ビルド] INFO  o.a.m.s.f.DefaultMavenResourcesFiltering - skip non existing resourceDirectory C:\Users\81803\Documents\SAMURAI\java Eclipse\kadai_003\kadai_003\samuraitravel\src\test\resources
2025-07-07 17:55:34,599 [Worker-29: ビルド] INFO  o.a.m.s.f.DefaultMavenResourcesFiltering - Copying 2 resources from src\main\resources to target\classes
2025-07-07 17:55:34,616 [Worker-29: ビルド] INFO  o.a.m.s.f.DefaultMavenResourcesFiltering - Copying 38 resources from src\main\resources to target\classes
2025-07-07 17:55:34,634 [Worker-29: ビルド] INFO  o.a.m.s.f.DefaultMavenResourcesFiltering - skip non existing resourceDirectory C:\Users\81803\Documents\SAMURAI\java Eclipse\kadai_003\kadai_003\samuraitravel\src\test\resources
2025-07-07 18:25:58,141 [Worker-1: Loading available Gradle versions] INFO  o.e.b.c.i.u.g.PublishedGradleVersions - Gradle version information cache is up-to-date. Trying to read.
